{"name": "test_login[ranjithads0124@gmail.com-Test@2025Test]", "status": "failed", "statusDetails": {"message": "AssertionError", "trace": "self = <tests.login_test.TestLogin object at 0x000002329D48DBA0>, email_address = 'ranjithads0124@gmail.com', password = 'Test@2025Test'\n\n    @pytest.mark.parametrize(\"email_address,password\",Excel_data.get_data_from_excel(\"ExcelFiles/Data-driven-testing.xlsx\",\"LoginTest\"))\n    def test_login(self,email_address,password):\n        login_page=LoginPage(self.driver)\n        login_page.you_are_on_automation_exercise_page()\n        login_page.signup_or_login_link_click()\n>       login_page.you_are_on_login_account()\n\ntests\\login_test.py:14: \n_ _ _ _ _ _ _ _ _ _ _ _ _ _ _ _ _ _ _ _ _ _ _ _ _ _ _ _ _ _ _ _ _ _ _ _ _ _ _ _ _ _ _ _ _ _ _ _ _ _ _ _ _ _ _ _ _ _ _ _ _ _ _ _ _ _ _ _ _ _ _ _ _ _ _ _ _ _ _ _ \n\nself = <Pages.login_page.LoginPage object at 0x000002329D59CA50>\n\n    def you_are_on_login_account(self):\n        #WebDriverWait(self.driver,10).until(EC.presence_of_element_located(*self.login_to_your_account))\n        actual_login_to_your_account = \"Login to your account1\"\n>       assert self.driver.find_element(By.XPATH, self.login_to_your_account).text.__contains__(actual_login_to_your_account)\n               ^^^^^^^^^^^^^^^^^^^^^^^^^^^^^^^^^^^^^^^^^^^^^^^^^^^^^^^^^^^^^^^^^^^^^^^^^^^^^^^^^^^^^^^^^^^^^^^^^^^^^^^^^^^^^^\nE       AssertionError\n\nPages\\login_page.py:97: AssertionError"}, "attachments": [{"name": "stdout", "source": "bd0a79ad-69df-44f1-a339-2f29a70e846e-attachment.txt", "type": "text/plain"}], "parameters": [{"name": "email_address", "value": "'ranjithads0124@gmail.com'"}, {"name": "password", "value": "'Test@2025Test'"}], "start": 1763482098795, "stop": 1763482101787, "uuid": "642c494e-c67f-47eb-9254-a5a43a2d7662", "historyId": "b186ecce8d87c29d4d55dbaa87e30a73", "testCaseId": "2ce0d2b159a1b134adc13e328bfd71c0", "fullName": "tests.login_test.TestLogin#test_login", "labels": [{"name": "parentSuite", "value": "tests"}, {"name": "suite", "value": "login_test"}, {"name": "subSuite", "value": "TestLogin"}, {"name": "host", "value": "User"}, {"name": "thread", "value": "23568-MainThread"}, {"name": "framework", "value": "pytest"}, {"name": "language", "value": "cpython3"}, {"name": "package", "value": "tests.login_test"}], "titlePath": ["tests", "login_test.py", "TestLogin"]}